<?xml version="1.0" encoding="UTF-8"?>
<!-- Generated by org.testng.reporters.JUnitReportReporter -->
<testsuite hostname="USER" failures="0" tests="1" name="page.Maven1projct" time="9.916" errors="0" timestamp="2023-10-07T12:16:01 IST" skipped="0">
  <testcase classname="page.Maven1projct" name="test" time="9.916"/>
  <system-out/>
</testsuite> <!-- page.Maven1projct -->
