<?xml version="1.0" encoding="UTF-8"?>
<!-- Generated by org.testng.reporters.JUnitReportReporter -->
<testsuite hostname="USER" failures="0" tests="1" name="testp.Bookingflighttest" time="40.436" errors="0" timestamp="2023-10-07T18:21:24 IST" skipped="0">
  <testcase classname="testp.Bookingflighttest" name="test" time="40.436"/>
  <system-out/>
</testsuite> <!-- testp.Bookingflighttest -->
