<?xml version="1.0" encoding="UTF-8"?>
<!-- Generated by org.testng.reporters.JUnitReportReporter -->
<testsuite hostname="USER" failures="0" tests="1" name="testp.Saucedemotest" time="1.632" errors="0" timestamp="2023-10-10T20:24:55 IST" skipped="0">
  <testcase classname="testp.Saucedemotest" name="test" time="1.632"/>
  <system-out/>
</testsuite> <!-- testp.Saucedemotest -->
